2022-01-24 13:19:10,375 [nREPL-session-1794b6f2-06a9-4502-bf03-23e67f4a5c91] INFO  book-reviews-luminus.env - 
-=[book-reviews-luminus started successfully using the development profile]=- 
2022-01-24 13:19:10,696 [nREPL-session-1794b6f2-06a9-4502-bf03-23e67f4a5c91] INFO  luminus.http-server - starting HTTP server on port 3000 
2022-01-24 13:19:56,259 [nREPL-session-1794b6f2-06a9-4502-bf03-23e67f4a5c91] INFO  luminus.http-server - HTTP server stopped 
2022-01-24 13:19:56,260 [nREPL-session-1794b6f2-06a9-4502-bf03-23e67f4a5c91] INFO  book-reviews-luminus.env - 
-=[book-reviews-luminus has shut down successfully]=- 
2022-01-24 16:36:37,352 [nREPL-session-1794b6f2-06a9-4502-bf03-23e67f4a5c91] ERROR com.zaxxer.hikari.pool.HikariPool - HikariPool-2 - Exception during pool initialization. 
org.h2.jdbc.JdbcSQLNonTransientConnectionException: Database may be already in use: null. Possible solutions: close all other connection(s); use the server mode [90020-200]
	at org.h2.message.DbException.getJdbcSQLException(DbException.java:622)
	at org.h2.message.DbException.getJdbcSQLException(DbException.java:429)
	at org.h2.message.DbException.get(DbException.java:194)
	at org.h2.mvstore.db.MVTableEngine$Store.convertIllegalStateException(MVTableEngine.java:206)
	at org.h2.mvstore.db.MVTableEngine$Store.open(MVTableEngine.java:182)
	at org.h2.mvstore.db.MVTableEngine.init(MVTableEngine.java:103)
	at org.h2.engine.Database.getPageStore(Database.java:2659)
	at org.h2.engine.Database.open(Database.java:675)
	at org.h2.engine.Database.openDatabase(Database.java:307)
	at org.h2.engine.Database.<init>(Database.java:301)
	at org.h2.engine.Engine.openSession(Engine.java:74)
	at org.h2.engine.Engine.openSession(Engine.java:192)
	at org.h2.engine.Engine.createSessionAndValidate(Engine.java:171)
	at org.h2.engine.Engine.createSession(Engine.java:166)
	at org.h2.engine.Engine.createSession(Engine.java:29)
	at org.h2.engine.SessionRemote.connectEmbeddedOrServer(SessionRemote.java:340)
	at org.h2.jdbc.JdbcConnection.<init>(JdbcConnection.java:173)
	at org.h2.jdbc.JdbcConnection.<init>(JdbcConnection.java:152)
	at org.h2.Driver.connect(Driver.java:69)
	at com.zaxxer.hikari.util.DriverDataSource.getConnection(DriverDataSource.java:121)
	at com.zaxxer.hikari.pool.PoolBase.newConnection(PoolBase.java:358)
	at com.zaxxer.hikari.pool.PoolBase.newPoolEntry(PoolBase.java:206)
	at com.zaxxer.hikari.pool.HikariPool.createPoolEntry(HikariPool.java:477)
	at com.zaxxer.hikari.pool.HikariPool.checkFailFast(HikariPool.java:560)
	at com.zaxxer.hikari.pool.HikariPool.<init>(HikariPool.java:115)
	at com.zaxxer.hikari.HikariDataSource.<init>(HikariDataSource.java:81)
	at hikari_cp.core$make_datasource.invokeStatic(core.clj:268)
	at hikari_cp.core$make_datasource.invoke(core.clj:265)
	at conman.core$connect_BANG_.invokeStatic(core.clj:159)
	at conman.core$connect_BANG_.invoke(core.clj:155)
	at book_reviews_luminus.db.core$eval13509$fn__13510.invoke(core.clj:10)
	at mount.core$record_BANG_.invokeStatic(core.cljc:74)
	at mount.core$record_BANG_.invoke(core.cljc:73)
	at mount.core$up$fn__457.invoke(core.cljc:81)
	at mount.core$up.invokeStatic(core.cljc:80)
	at mount.core$up.invoke(core.cljc:78)
	at mount.core$bring.invokeStatic(core.cljc:247)
	at mount.core$bring.invoke(core.cljc:239)
	at mount.core$start.invokeStatic(core.cljc:289)
	at mount.core$start.doInvoke(core.cljc:281)
	at clojure.lang.RestFn.applyTo(RestFn.java:137)
	at clojure.core$apply.invokeStatic(core.clj:667)
	at clojure.core$apply.invoke(core.clj:662)
	at mount.core$start_without.invokeStatic(core.cljc:409)
	at mount.core$start_without.doInvoke(core.cljc:403)
	at clojure.lang.RestFn.invoke(RestFn.java:408)
	at user$start.invokeStatic(user.clj:22)
	at user$start.invoke(user.clj:18)
	at user$eval23665.invokeStatic(form-init5549256286930625079.clj:1)
	at user$eval23665.invoke(form-init5549256286930625079.clj:1)
	at clojure.lang.Compiler.eval(Compiler.java:7181)
	at clojure.lang.Compiler.eval(Compiler.java:7136)
	at clojure.core$eval.invokeStatic(core.clj:3202)
	at clojure.core$eval.invoke(core.clj:3198)
	at nrepl.middleware.interruptible_eval$evaluate$fn__16700$fn__16701.invoke(interruptible_eval.clj:87)
	at clojure.lang.AFn.applyToHelper(AFn.java:152)
	at clojure.lang.AFn.applyTo(AFn.java:144)
	at clojure.core$apply.invokeStatic(core.clj:667)
	at clojure.core$with_bindings_STAR_.invokeStatic(core.clj:1977)
	at clojure.core$with_bindings_STAR_.doInvoke(core.clj:1977)
	at clojure.lang.RestFn.invoke(RestFn.java:425)
	at nrepl.middleware.interruptible_eval$evaluate$fn__16700.invoke(interruptible_eval.clj:87)
	at clojure.main$repl$read_eval_print__9110$fn__9113.invoke(main.clj:437)
	at clojure.main$repl$read_eval_print__9110.invoke(main.clj:437)
	at clojure.main$repl$fn__9119.invoke(main.clj:458)
	at clojure.main$repl.invokeStatic(main.clj:458)
	at clojure.main$repl.doInvoke(main.clj:368)
	at clojure.lang.RestFn.invoke(RestFn.java:1523)
	at nrepl.middleware.interruptible_eval$evaluate.invokeStatic(interruptible_eval.clj:84)
	at nrepl.middleware.interruptible_eval$evaluate.invoke(interruptible_eval.clj:56)
	at nrepl.middleware.interruptible_eval$interruptible_eval$fn__16733$fn__16737.invoke(interruptible_eval.clj:152)
	at clojure.lang.AFn.run(AFn.java:22)
	at nrepl.middleware.session$session_exec$main_loop__16803$fn__16807.invoke(session.clj:218)
	at nrepl.middleware.session$session_exec$main_loop__16803.invoke(session.clj:217)
	at clojure.lang.AFn.run(AFn.java:22)
	at java.base/java.lang.Thread.run(Thread.java:835)
Caused by: java.lang.IllegalStateException: The file is locked: nio:/Users/cmscb/code/funcprog/book-reviews-luminus/book-reviews-luminus.mv.db [1.4.200/7]
	at org.h2.mvstore.DataUtils.newIllegalStateException(DataUtils.java:950)
	at org.h2.mvstore.FileStore.open(FileStore.java:172)
	at org.h2.mvstore.MVStore.<init>(MVStore.java:381)
	at org.h2.mvstore.MVStore$Builder.open(MVStore.java:3579)
	at org.h2.mvstore.db.MVTableEngine$Store.open(MVTableEngine.java:170)
	... 71 common frames omitted
2022-01-24 16:36:49,219 [nREPL-session-1794b6f2-06a9-4502-bf03-23e67f4a5c91] INFO  book-reviews-luminus.env - 
-=[book-reviews-luminus started successfully using the development profile]=- 
2022-01-24 16:36:49,441 [nREPL-session-1794b6f2-06a9-4502-bf03-23e67f4a5c91] INFO  luminus.http-server - starting HTTP server on port 3000 
2022-01-24 16:38:53,064 [nREPL-session-1794b6f2-06a9-4502-bf03-23e67f4a5c91] INFO  luminus.http-server - HTTP server stopped 
2022-01-24 16:38:53,065 [nREPL-session-1794b6f2-06a9-4502-bf03-23e67f4a5c91] INFO  book-reviews-luminus.env - 
-=[book-reviews-luminus has shut down successfully]=- 
2022-01-24 16:40:00,889 [nREPL-session-1794b6f2-06a9-4502-bf03-23e67f4a5c91] ERROR com.zaxxer.hikari.pool.HikariPool - HikariPool-4 - Exception during pool initialization. 
org.h2.jdbc.JdbcSQLNonTransientConnectionException: Database may be already in use: null. Possible solutions: close all other connection(s); use the server mode [90020-200]
	at org.h2.message.DbException.getJdbcSQLException(DbException.java:622)
	at org.h2.message.DbException.getJdbcSQLException(DbException.java:429)
	at org.h2.message.DbException.get(DbException.java:194)
	at org.h2.mvstore.db.MVTableEngine$Store.convertIllegalStateException(MVTableEngine.java:206)
	at org.h2.mvstore.db.MVTableEngine$Store.open(MVTableEngine.java:182)
	at org.h2.mvstore.db.MVTableEngine.init(MVTableEngine.java:103)
	at org.h2.engine.Database.getPageStore(Database.java:2659)
	at org.h2.engine.Database.open(Database.java:675)
	at org.h2.engine.Database.openDatabase(Database.java:307)
	at org.h2.engine.Database.<init>(Database.java:301)
	at org.h2.engine.Engine.openSession(Engine.java:74)
	at org.h2.engine.Engine.openSession(Engine.java:192)
	at org.h2.engine.Engine.createSessionAndValidate(Engine.java:171)
	at org.h2.engine.Engine.createSession(Engine.java:166)
	at org.h2.engine.Engine.createSession(Engine.java:29)
	at org.h2.engine.SessionRemote.connectEmbeddedOrServer(SessionRemote.java:340)
	at org.h2.jdbc.JdbcConnection.<init>(JdbcConnection.java:173)
	at org.h2.jdbc.JdbcConnection.<init>(JdbcConnection.java:152)
	at org.h2.Driver.connect(Driver.java:69)
	at com.zaxxer.hikari.util.DriverDataSource.getConnection(DriverDataSource.java:121)
	at com.zaxxer.hikari.pool.PoolBase.newConnection(PoolBase.java:358)
	at com.zaxxer.hikari.pool.PoolBase.newPoolEntry(PoolBase.java:206)
	at com.zaxxer.hikari.pool.HikariPool.createPoolEntry(HikariPool.java:477)
	at com.zaxxer.hikari.pool.HikariPool.checkFailFast(HikariPool.java:560)
	at com.zaxxer.hikari.pool.HikariPool.<init>(HikariPool.java:115)
	at com.zaxxer.hikari.HikariDataSource.<init>(HikariDataSource.java:81)
	at hikari_cp.core$make_datasource.invokeStatic(core.clj:268)
	at hikari_cp.core$make_datasource.invoke(core.clj:265)
	at conman.core$connect_BANG_.invokeStatic(core.clj:159)
	at conman.core$connect_BANG_.invoke(core.clj:155)
	at book_reviews_luminus.db.core$eval13509$fn__13510.invoke(core.clj:10)
	at mount.core$record_BANG_.invokeStatic(core.cljc:74)
	at mount.core$record_BANG_.invoke(core.cljc:73)
	at mount.core$up$fn__457.invoke(core.cljc:81)
	at mount.core$up.invokeStatic(core.cljc:80)
	at mount.core$up.invoke(core.cljc:78)
	at mount.core$bring.invokeStatic(core.cljc:247)
	at mount.core$bring.invoke(core.cljc:239)
	at mount.core$start.invokeStatic(core.cljc:289)
	at mount.core$start.doInvoke(core.cljc:281)
	at clojure.lang.RestFn.applyTo(RestFn.java:137)
	at clojure.core$apply.invokeStatic(core.clj:667)
	at clojure.core$apply.invoke(core.clj:662)
	at mount.core$start_without.invokeStatic(core.cljc:409)
	at mount.core$start_without.doInvoke(core.cljc:403)
	at clojure.lang.RestFn.invoke(RestFn.java:408)
	at user$start.invokeStatic(user.clj:22)
	at user$start.invoke(user.clj:18)
	at user$eval23671.invokeStatic(form-init5549256286930625079.clj:1)
	at user$eval23671.invoke(form-init5549256286930625079.clj:1)
	at clojure.lang.Compiler.eval(Compiler.java:7181)
	at clojure.lang.Compiler.eval(Compiler.java:7136)
	at clojure.core$eval.invokeStatic(core.clj:3202)
	at clojure.core$eval.invoke(core.clj:3198)
	at nrepl.middleware.interruptible_eval$evaluate$fn__16700$fn__16701.invoke(interruptible_eval.clj:87)
	at clojure.lang.AFn.applyToHelper(AFn.java:152)
	at clojure.lang.AFn.applyTo(AFn.java:144)
	at clojure.core$apply.invokeStatic(core.clj:667)
	at clojure.core$with_bindings_STAR_.invokeStatic(core.clj:1977)
	at clojure.core$with_bindings_STAR_.doInvoke(core.clj:1977)
	at clojure.lang.RestFn.invoke(RestFn.java:425)
	at nrepl.middleware.interruptible_eval$evaluate$fn__16700.invoke(interruptible_eval.clj:87)
	at clojure.main$repl$read_eval_print__9110$fn__9113.invoke(main.clj:437)
	at clojure.main$repl$read_eval_print__9110.invoke(main.clj:437)
	at clojure.main$repl$fn__9119.invoke(main.clj:458)
	at clojure.main$repl.invokeStatic(main.clj:458)
	at clojure.main$repl.doInvoke(main.clj:368)
	at clojure.lang.RestFn.invoke(RestFn.java:1523)
	at nrepl.middleware.interruptible_eval$evaluate.invokeStatic(interruptible_eval.clj:84)
	at nrepl.middleware.interruptible_eval$evaluate.invoke(interruptible_eval.clj:56)
	at nrepl.middleware.interruptible_eval$interruptible_eval$fn__16733$fn__16737.invoke(interruptible_eval.clj:152)
	at clojure.lang.AFn.run(AFn.java:22)
	at nrepl.middleware.session$session_exec$main_loop__16803$fn__16807.invoke(session.clj:218)
	at nrepl.middleware.session$session_exec$main_loop__16803.invoke(session.clj:217)
	at clojure.lang.AFn.run(AFn.java:22)
	at java.base/java.lang.Thread.run(Thread.java:835)
Caused by: java.lang.IllegalStateException: The file is locked: nio:/Users/cmscb/code/funcprog/book-reviews-luminus/book-reviews-luminus.mv.db [1.4.200/7]
	at org.h2.mvstore.DataUtils.newIllegalStateException(DataUtils.java:950)
	at org.h2.mvstore.FileStore.open(FileStore.java:172)
	at org.h2.mvstore.MVStore.<init>(MVStore.java:381)
	at org.h2.mvstore.MVStore$Builder.open(MVStore.java:3579)
	at org.h2.mvstore.db.MVTableEngine$Store.open(MVTableEngine.java:170)
	... 71 common frames omitted
2022-01-24 16:40:10,756 [nREPL-session-1794b6f2-06a9-4502-bf03-23e67f4a5c91] INFO  book-reviews-luminus.env - 
-=[book-reviews-luminus started successfully using the development profile]=- 
2022-01-24 16:40:10,933 [nREPL-session-1794b6f2-06a9-4502-bf03-23e67f4a5c91] INFO  luminus.http-server - starting HTTP server on port 3000 
2022-01-24 16:45:16,871 [HikariPool-5 housekeeper] WARN  com.zaxxer.hikari.pool.HikariPool - HikariPool-5 - Thread starvation or clock leap detected (housekeeper delta=3m5s978ms). 
2022-01-24 16:55:37,421 [HikariPool-5 housekeeper] WARN  com.zaxxer.hikari.pool.HikariPool - HikariPool-5 - Thread starvation or clock leap detected (housekeeper delta=10m20s550ms). 
2022-01-24 17:21:19,099 [nREPL-session-1794b6f2-06a9-4502-bf03-23e67f4a5c91] INFO  luminus.http-server - HTTP server stopped 
2022-01-24 17:21:19,100 [nREPL-session-1794b6f2-06a9-4502-bf03-23e67f4a5c91] INFO  book-reviews-luminus.env - 
-=[book-reviews-luminus has shut down successfully]=- 
2022-01-24 17:21:22,917 [nREPL-session-1794b6f2-06a9-4502-bf03-23e67f4a5c91] INFO  book-reviews-luminus.env - 
-=[book-reviews-luminus started successfully using the development profile]=- 
2022-01-24 17:21:23,029 [nREPL-session-1794b6f2-06a9-4502-bf03-23e67f4a5c91] INFO  luminus.http-server - starting HTTP server on port 3000 
2022-01-24 17:21:58,853 [nREPL-session-1794b6f2-06a9-4502-bf03-23e67f4a5c91] INFO  luminus.http-server - HTTP server stopped 
2022-01-24 17:21:58,854 [nREPL-session-1794b6f2-06a9-4502-bf03-23e67f4a5c91] INFO  book-reviews-luminus.env - 
-=[book-reviews-luminus has shut down successfully]=- 
2022-01-24 17:25:41,761 [nREPL-session-1794b6f2-06a9-4502-bf03-23e67f4a5c91] INFO  book-reviews-luminus.env - 
-=[book-reviews-luminus started successfully using the development profile]=- 
2022-01-24 17:25:41,871 [nREPL-session-1794b6f2-06a9-4502-bf03-23e67f4a5c91] INFO  luminus.http-server - starting HTTP server on port 3000 
2022-01-24 17:28:06,959 [nREPL-session-1794b6f2-06a9-4502-bf03-23e67f4a5c91] INFO  luminus.http-server - HTTP server stopped 
2022-01-24 17:28:06,959 [nREPL-session-1794b6f2-06a9-4502-bf03-23e67f4a5c91] INFO  book-reviews-luminus.env - 
-=[book-reviews-luminus has shut down successfully]=- 
2022-01-24 17:28:07,192 [nREPL-session-1794b6f2-06a9-4502-bf03-23e67f4a5c91] INFO  book-reviews-luminus.env - 
-=[book-reviews-luminus started successfully using the development profile]=- 
2022-01-24 17:28:07,289 [nREPL-session-1794b6f2-06a9-4502-bf03-23e67f4a5c91] INFO  luminus.http-server - starting HTTP server on port 3000 
2022-01-24 17:29:00,859 [nREPL-session-1794b6f2-06a9-4502-bf03-23e67f4a5c91] INFO  luminus.http-server - HTTP server stopped 
2022-01-24 17:29:00,859 [nREPL-session-1794b6f2-06a9-4502-bf03-23e67f4a5c91] INFO  book-reviews-luminus.env - 
-=[book-reviews-luminus has shut down successfully]=- 
2022-01-24 17:29:57,773 [nREPL-session-b7151c1e-466a-4f79-b83b-cbbd95aae941] INFO  book-reviews-luminus.env - 
-=[book-reviews-luminus started successfully using the development profile]=- 
2022-01-24 17:29:58,083 [nREPL-session-b7151c1e-466a-4f79-b83b-cbbd95aae941] INFO  luminus.http-server - starting HTTP server on port 3000 
2022-01-24 17:30:01,682 [worker-1] INFO  book-reviews-luminus.routes.home - thjis is a test 
2022-01-24 17:30:30,815 [nREPL-session-b7151c1e-466a-4f79-b83b-cbbd95aae941] INFO  luminus.http-server - HTTP server stopped 
2022-01-24 17:30:30,815 [nREPL-session-b7151c1e-466a-4f79-b83b-cbbd95aae941] INFO  book-reviews-luminus.env - 
-=[book-reviews-luminus has shut down successfully]=- 
2022-01-24 17:31:12,582 [nREPL-session-5112a735-9918-48b0-b844-9ab7c8b5d9d7] INFO  book-reviews-luminus.env - 
-=[book-reviews-luminus started successfully using the development profile]=- 
2022-01-24 17:31:12,887 [nREPL-session-5112a735-9918-48b0-b844-9ab7c8b5d9d7] INFO  luminus.http-server - starting HTTP server on port 3000 
2022-01-24 17:31:16,987 [worker-1] INFO  book-reviews-luminus.routes.home - thjis is a test 
2022-01-24 17:32:28,151 [worker-2] DEBUG book-reviews-luminus.routes.home - {:user test} 
2022-01-24 17:37:55,795 [worker-3] DEBUG book-reviews-luminus.routes.home - {:user test} 
2022-01-24 18:09:38,452 [nREPL-session-5112a735-9918-48b0-b844-9ab7c8b5d9d7] INFO  luminus.http-server - HTTP server stopped 
2022-01-24 18:09:38,453 [nREPL-session-5112a735-9918-48b0-b844-9ab7c8b5d9d7] INFO  book-reviews-luminus.env - 
-=[book-reviews-luminus has shut down successfully]=- 
2022-01-24 18:09:38,517 [nREPL-session-5112a735-9918-48b0-b844-9ab7c8b5d9d7] INFO  book-reviews-luminus.env - 
-=[book-reviews-luminus started successfully using the development profile]=- 
2022-01-24 18:09:38,653 [nREPL-session-5112a735-9918-48b0-b844-9ab7c8b5d9d7] INFO  luminus.http-server - starting HTTP server on port 3000 
2022-01-24 18:09:51,168 [worker-1] DEBUG book-reviews-luminus.routes.home - {:user test} 
2022-01-24 18:15:13,734 [worker-2] INFO  book-reviews-luminus.routes.home - thjis is a test 
