2022-01-25 11:29:53,390 [nREPL-session-918a7ce1-02a9-4189-a3dc-bc8f7ac4d841] INFO  book-reviews-luminus.env - 
-=[book-reviews-luminus started successfully using the development profile]=- 
2022-01-25 11:29:53,689 [nREPL-session-918a7ce1-02a9-4189-a3dc-bc8f7ac4d841] INFO  luminus.http-server - starting HTTP server on port 3000 
2022-01-25 11:30:07,666 [worker-3] DEBUG book-reviews-luminus.routes.home - {:items [{:title Engineering Software Products, :review Shorter than usual from IS. All killer, no filler, :reviewer Chris B, :published 2020-02-13} {:title Engineering Software Products, :review Not Bad. Cheap :-), :reviewer Mary, :published 2020-02-17} {:title Engineering Software Products, :review Expensive, :reviewer Jane, :published 2020-02-17} {:title Engineering Software Products, :review twtsttsfs, :reviewer test, :published 2022-01-17} {:title Test, :review dsfsdfsdf, :reviewer fsdfs, :published cfsdfsf} {:title Engineering Software Products, :review dsfsdfsd, :reviewer sdsafdas, :published } {:title Test, :review dfsdf, :reviewer fred, :published 2022-01-22}]} 
2022-01-25 11:31:11,985 [nREPL-session-918a7ce1-02a9-4189-a3dc-bc8f7ac4d841] INFO  luminus.http-server - HTTP server stopped 
2022-01-25 11:31:11,986 [nREPL-session-918a7ce1-02a9-4189-a3dc-bc8f7ac4d841] INFO  book-reviews-luminus.env - 
-=[book-reviews-luminus has shut down successfully]=- 
2022-01-25 11:31:12,233 [nREPL-session-918a7ce1-02a9-4189-a3dc-bc8f7ac4d841] INFO  book-reviews-luminus.env - 
-=[book-reviews-luminus started successfully using the development profile]=- 
2022-01-25 11:31:12,374 [nREPL-session-918a7ce1-02a9-4189-a3dc-bc8f7ac4d841] INFO  luminus.http-server - starting HTTP server on port 3000 
2022-01-25 11:31:17,717 [worker-1] DEBUG book-reviews-luminus.routes.home - {:items [{:title Engineering Software Products, :review Shorter than usual from IS. All killer, no filler, :reviewer Chris B, :published 2020-02-13} {:title Engineering Software Products, :review Not Bad. Cheap :-), :reviewer Mary, :published 2020-02-17} {:title Engineering Software Products, :review Expensive, :reviewer Jane, :published 2020-02-17} {:title Engineering Software Products, :review twtsttsfs, :reviewer test, :published 2022-01-17} {:title Test, :review dsfsdfsdf, :reviewer fsdfs, :published cfsdfsf} {:title Engineering Software Products, :review dsfsdfsd, :reviewer sdsafdas, :published } {:title Test, :review dfsdf, :reviewer fred, :published 2022-01-22}]} 
2022-01-25 11:31:32,849 [nREPL-session-918a7ce1-02a9-4189-a3dc-bc8f7ac4d841] INFO  luminus.http-server - HTTP server stopped 
2022-01-25 11:31:32,849 [nREPL-session-918a7ce1-02a9-4189-a3dc-bc8f7ac4d841] INFO  book-reviews-luminus.env - 
-=[book-reviews-luminus has shut down successfully]=- 
2022-01-25 11:31:37,497 [nREPL-session-918a7ce1-02a9-4189-a3dc-bc8f7ac4d841] INFO  book-reviews-luminus.env - 
-=[book-reviews-luminus started successfully using the development profile]=- 
2022-01-25 11:31:37,599 [nREPL-session-918a7ce1-02a9-4189-a3dc-bc8f7ac4d841] INFO  luminus.http-server - starting HTTP server on port 3000 
2022-01-25 11:31:41,486 [worker-1] DEBUG book-reviews-luminus.routes.home - {:items [{:title Engineering Software Products, :review Shorter than usual from IS. All killer, no filler, :reviewer Chris B, :published 2020-02-13} {:title Engineering Software Products, :review Not Bad. Cheap :-), :reviewer Mary, :published 2020-02-17} {:title Engineering Software Products, :review Expensive, :reviewer Jane, :published 2020-02-17} {:title Engineering Software Products, :review twtsttsfs, :reviewer test, :published 2022-01-17} {:title Test, :review dsfsdfsdf, :reviewer fsdfs, :published cfsdfsf} {:title Engineering Software Products, :review dsfsdfsd, :reviewer sdsafdas, :published } {:title Test, :review dfsdf, :reviewer fred, :published 2022-01-22}]} 
2022-01-25 11:31:50,262 [nREPL-session-918a7ce1-02a9-4189-a3dc-bc8f7ac4d841] INFO  luminus.http-server - HTTP server stopped 
2022-01-25 11:31:50,262 [nREPL-session-918a7ce1-02a9-4189-a3dc-bc8f7ac4d841] INFO  book-reviews-luminus.env - 
-=[book-reviews-luminus has shut down successfully]=- 
2022-01-25 11:32:25,062 [nREPL-session-298f1a25-280c-4bef-8775-139fe6b8ac81] INFO  book-reviews-luminus.env - 
-=[book-reviews-luminus started successfully using the development profile]=- 
2022-01-25 11:32:25,389 [nREPL-session-298f1a25-280c-4bef-8775-139fe6b8ac81] INFO  luminus.http-server - starting HTTP server on port 3000 
2022-01-25 11:32:28,574 [worker-1] DEBUG book-reviews-luminus.routes.home - {:items [{:id 1, :book_id 1, :reviewer Chris B, :published 2020-02-13, :review Shorter than usual from IS. All killer, no filler} {:id 2, :book_id 1, :reviewer Mary, :published 2020-02-17, :review Not Bad. Cheap :-)} {:id 3, :book_id 1, :reviewer Jane, :published 2020-02-17, :review Expensive} {:id 4, :book_id 1, :reviewer test, :published 2022-01-17, :review twtsttsfs} {:id 5, :book_id 2, :reviewer fsdfs, :published cfsdfsf, :review dsfsdfsdf} {:id 6, :book_id 1, :reviewer sdsafdas, :published , :review dsfsdfsd} {:id 7, :book_id 2, :reviewer fred, :published 2022-01-22, :review dfsdf}]} 
2022-01-25 11:32:36,581 [worker-2] DEBUG book-reviews-luminus.routes.home - {:items [{:id 1, :book_id 1, :reviewer Chris B, :published 2020-02-13, :review Shorter than usual from IS. All killer, no filler} {:id 2, :book_id 1, :reviewer Mary, :published 2020-02-17, :review Not Bad. Cheap :-)} {:id 3, :book_id 1, :reviewer Jane, :published 2020-02-17, :review Expensive} {:id 4, :book_id 1, :reviewer test, :published 2022-01-17, :review twtsttsfs} {:id 5, :book_id 2, :reviewer fsdfs, :published cfsdfsf, :review dsfsdfsdf} {:id 6, :book_id 1, :reviewer sdsafdas, :published , :review dsfsdfsd} {:id 7, :book_id 2, :reviewer fred, :published 2022-01-22, :review dfsdf}]} 
2022-01-25 11:59:32,315 [HikariPool-1 housekeeper] WARN  com.zaxxer.hikari.pool.HikariPool - HikariPool-1 - Thread starvation or clock leap detected (housekeeper delta=8m35s48ms). 
2022-01-25 12:00:18,947 [HikariPool-1 housekeeper] WARN  com.zaxxer.hikari.pool.HikariPool - HikariPool-1 - Thread starvation or clock leap detected (housekeeper delta=46s633ms). 
2022-01-25 12:04:30,077 [HikariPool-1 housekeeper] WARN  com.zaxxer.hikari.pool.HikariPool - HikariPool-1 - Thread starvation or clock leap detected (housekeeper delta=4m11s129ms). 
2022-01-25 13:52:17,715 [HikariPool-1 housekeeper] WARN  com.zaxxer.hikari.pool.HikariPool - HikariPool-1 - Thread starvation or clock leap detected (housekeeper delta=1m46s727ms). 
2022-01-25 13:59:40,015 [HikariPool-1 housekeeper] WARN  com.zaxxer.hikari.pool.HikariPool - HikariPool-1 - Thread starvation or clock leap detected (housekeeper delta=7m22s299ms). 
2022-01-25 14:00:09,827 [HikariPool-1 housekeeper] WARN  com.zaxxer.hikari.pool.HikariPool - HikariPool-1 - Retrograde clock change detected (housekeeper delta=29s814ms), soft-evicting connections from pool. 
